Determining if the pthread_create exist failed with the following output:
Change Dir: /home/rvaughan/Development/checkouts/liber/third_party/gtest-1.7.0/CMakeFiles/CMakeTmp

Run Build Command:"/usr/bin/make" "cmTryCompileExec1134112078/fast"
/usr/bin/make -f CMakeFiles/cmTryCompileExec1134112078.dir/build.make CMakeFiles/cmTryCompileExec1134112078.dir/build
make[1]: Entering directory `/home/rvaughan/Development/checkouts/liber/third_party/gtest-1.7.0/CMakeFiles/CMakeTmp'
/usr/local/bin/cmake -E cmake_progress_report /home/rvaughan/Development/checkouts/liber/third_party/gtest-1.7.0/CMakeFiles/CMakeTmp/CMakeFiles 1
Building C object CMakeFiles/cmTryCompileExec1134112078.dir/CheckSymbolExists.c.o
/usr/bin/cc    -o CMakeFiles/cmTryCompileExec1134112078.dir/CheckSymbolExists.c.o   -c /home/rvaughan/Development/checkouts/liber/third_party/gtest-1.7.0/CMakeFiles/CMakeTmp/CheckSymbolExists.c
Linking C executable cmTryCompileExec1134112078
/usr/local/bin/cmake -E cmake_link_script CMakeFiles/cmTryCompileExec1134112078.dir/link.txt --verbose=1
/usr/bin/cc       CMakeFiles/cmTryCompileExec1134112078.dir/CheckSymbolExists.c.o  -o cmTryCompileExec1134112078 -rdynamic 
CMakeFiles/cmTryCompileExec1134112078.dir/CheckSymbolExists.c.o: In function `main':
CheckSymbolExists.c:(.text+0xa): undefined reference to `pthread_create'
collect2: ld returned 1 exit status
make[1]: Leaving directory `/home/rvaughan/Development/checkouts/liber/third_party/gtest-1.7.0/CMakeFiles/CMakeTmp'
make[1]: *** [cmTryCompileExec1134112078] Error 1
make: *** [cmTryCompileExec1134112078/fast] Error 2

File /home/rvaughan/Development/checkouts/liber/third_party/gtest-1.7.0/CMakeFiles/CMakeTmp/CheckSymbolExists.c:
/* */
#include <pthread.h>

int main(int argc, char** argv)
{
  (void)argv;
#ifndef pthread_create
  return ((int*)(&pthread_create))[argc];
#else
  (void)argc;
  return 0;
#endif
}

Determining if the function pthread_create exists in the pthreads failed with the following output:
Change Dir: /home/rvaughan/Development/checkouts/liber/third_party/gtest-1.7.0/CMakeFiles/CMakeTmp

Run Build Command:"/usr/bin/make" "cmTryCompileExec1975638622/fast"
/usr/bin/make -f CMakeFiles/cmTryCompileExec1975638622.dir/build.make CMakeFiles/cmTryCompileExec1975638622.dir/build
make[1]: Entering directory `/home/rvaughan/Development/checkouts/liber/third_party/gtest-1.7.0/CMakeFiles/CMakeTmp'
/usr/local/bin/cmake -E cmake_progress_report /home/rvaughan/Development/checkouts/liber/third_party/gtest-1.7.0/CMakeFiles/CMakeTmp/CMakeFiles 1
Building C object CMakeFiles/cmTryCompileExec1975638622.dir/CheckFunctionExists.c.o
/usr/bin/cc   -DCHECK_FUNCTION_EXISTS=pthread_create   -o CMakeFiles/cmTryCompileExec1975638622.dir/CheckFunctionExists.c.o   -c /usr/local/share/cmake-3.2/Modules/CheckFunctionExists.c
Linking C executable cmTryCompileExec1975638622
/usr/local/bin/cmake -E cmake_link_script CMakeFiles/cmTryCompileExec1975638622.dir/link.txt --verbose=1
/usr/bin/cc   -DCHECK_FUNCTION_EXISTS=pthread_create    CMakeFiles/cmTryCompileExec1975638622.dir/CheckFunctionExists.c.o  -o cmTryCompileExec1975638622 -rdynamic -lpthreads 
/usr/bin/ld: cannot find -lpthreads
collect2: ld returned 1 exit status
make[1]: Leaving directory `/home/rvaughan/Development/checkouts/liber/third_party/gtest-1.7.0/CMakeFiles/CMakeTmp'
make[1]: *** [cmTryCompileExec1975638622] Error 1
make: *** [cmTryCompileExec1975638622/fast] Error 2


